[20:01:39] [main/INFO]: Loading Minecraft 1.21.5 with Fabric Loader 0.17.2
[20:01:39] [main/INFO]: Fabric is preparing JARs on first launch, this may take a few seconds...
[20:01:39] [main/WARN]: Warnings were found!
 - Mod 'Reese's Sodium Options' (reeses-sodium-options) 1.8.3+mc1.21.4 recommends version 0.4.2 or later of sodium-extra, which is missing!
	 - You should install version 0.4.2 or later of sodium-extra for the optimal experience.
[20:01:39] [main/INFO]: Loading 63 mods:
	- cloth-config 18.0.145
	   \-- cloth-basic-math 0.6.1
	- entityculling 1.8.2
	   |-- transition 1.0.3
	   \-- trender 1.0.5
	- fabric-api 0.128.2+1.21.5
	   |-- fabric-api-base 0.4.62+73a52b4b49
	   |-- fabric-api-lookup-api-v1 1.6.96+86c3a9f149
	   |-- fabric-biome-api-v1 16.0.7+2dd063df49
	   |-- fabric-block-api-v1 1.1.0+ed91556f49
	   |-- fabric-block-view-api-v2 1.0.26+aa6d566c49
	   |-- fabric-blockrenderlayer-v1 2.0.16+86c3a9f149
	   |-- fabric-client-tags-api-v1 1.1.37+86c3a9f149
	   |-- fabric-command-api-v1 1.2.70+f71b366f49
	   |-- fabric-command-api-v2 2.2.49+73a52b4b49
	   |-- fabric-commands-v0 0.2.87+df3654b349
	   |-- fabric-content-registries-v0 10.0.14+3e6c1f7d49
	   |-- fabric-convention-tags-v1 2.1.33+7f945d5b49
	   |-- fabric-convention-tags-v2 2.15.2+6d9989f349
	   |-- fabric-crash-report-info-v1 0.3.12+86c3a9f149
	   |-- fabric-data-attachment-api-v1 1.8.5+6d9989f349
	   |-- fabric-data-generation-api-v1 22.5.2+a0fab30c49
	   |-- fabric-dimensions-v1 4.0.17+3e6c1f7d49
	   |-- fabric-entity-events-v1 2.1.0+3ce7866349
	   |-- fabric-events-interaction-v0 4.0.15+64e3057949
	   |-- fabric-game-rule-api-v1 1.0.70+c327076a49
	   |-- fabric-item-api-v1 11.5.0+0620fe4749
	   |-- fabric-item-group-api-v1 4.2.9+3459fc6149
	   |-- fabric-key-binding-api-v1 1.0.63+ecf51cdc49
	   |-- fabric-keybindings-v0 0.2.61+df3654b349
	   |-- fabric-lifecycle-events-v1 2.6.0+230071a049
	   |-- fabric-loot-api-v2 3.0.48+3f89f5a549
	   |-- fabric-loot-api-v3 1.0.36+86c3a9f149
	   |-- fabric-message-api-v1 6.1.0+fe971bba49
	   |-- fabric-model-loading-api-v1 5.2.3+5281b90749
	   |-- fabric-networking-api-v1 4.5.0+775be32c49
	   |-- fabric-object-builder-api-v1 21.1.2+b8d6ba7049
	   |-- fabric-particles-v1 4.1.2+112e550e49
	   |-- fabric-recipe-api-v1 8.1.8+3235ab3249
	   |-- fabric-registry-sync-v0 6.1.22+cd64004349
	   |-- fabric-renderer-api-v1 6.1.2+bdf4842249
	   |-- fabric-renderer-indigo 3.1.2+5281b90749
	   |-- fabric-rendering-data-attachment-v1 0.3.64+73761d2e49
	   |-- fabric-rendering-fluids-v1 3.1.27+86c3a9f149
	   |-- fabric-rendering-v1 11.3.0+a272b33849
	   |-- fabric-resource-conditions-api-v1 5.0.21+73a52b4b49
	   |-- fabric-resource-loader-v0 3.1.7+847e5f5c49
	   |-- fabric-screen-api-v1 2.0.46+86c3a9f149
	   |-- fabric-screen-handler-api-v1 1.3.129+c327076a49
	   |-- fabric-sound-api-v1 1.0.38+86c3a9f149
	   |-- fabric-tag-api-v1 1.0.17+ecf51cdc49
	   |-- fabric-transfer-api-v1 5.4.24+7b20cbb049
	   \-- fabric-transitive-access-wideners-v1 6.3.17+f17a180c49
	- fabricloader 0.17.2
	   \-- mixinextras 0.5.0
	- ferritecore 8.0.0
	- java 21
	- lithium 0.16.3+mc1.21.5
	- minecraft 1.21.5
	- modmenu 14.0.0-rc.2
	- placeholder-api 2.6.4+1.21.5
	- reeses-sodium-options 1.8.3+mc1.21.4
	- sodium 0.6.13+mc1.21.5
[20:01:40] [main/INFO]: SpongePowered MIXIN Subsystem Version=0.8.7 Source=file:/home/taplab/.local/share/PrismLauncher/libraries/net/fabricmc/sponge-mixin/0.16.3+mixin.0.8.7/sponge-mixin-0.16.3+mixin.0.8.7.jar Service=Knot/Fabric Env=CLIENT
[20:01:40] [main/INFO]: Compatibility level set to JAVA_16
[20:01:40] [main/INFO]: Compatibility level set to JAVA_21
[20:01:40] [main/WARN]: Mod 'ferritecore' attempted to override option 'mixin.alloc.blockstate', which doesn't exist, ignoring
[20:01:40] [main/INFO]: Loaded configuration file for Lithium: 157 options available, 0 override(s) found.
[20:01:40] [main/INFO]: Loaded configuration file for Sodium: 43 options available, 0 override(s) found
[20:01:42] [main/INFO]: Searching for graphics cards...
[20:01:43] [main/INFO]: Found graphics adapter: LinuxPciAdapterInfo[vendor=INTEL, name=Haswell-ULT Integrated Graphics Controller, pciVendorId=0x8086, pciDeviceId=0x0a16]
[20:01:43] [main/WARN]: Sodium has applied one or more workarounds to prevent crashes or other issues on your system: [NO_ERROR_CONTEXT_UNSUPPORTED]
[20:01:43] [main/WARN]: This is not necessarily an issue, but it may result in certain features or optimizations being disabled. You can sometimes fix these issues by upgrading your graphics driver.
[20:01:43] [main/INFO]: Initializing MixinExtras via com.llamalad7.mixinextras.service.MixinExtrasServiceImpl(version=0.5.0).
[20:01:53] [Datafixer Bootstrap/INFO]: 263 Datafixer optimizations took 7181 milliseconds
[20:02:06] [Render thread/INFO]: Environment: Environment[sessionHost=https://sessionserver.mojang.com, servicesHost=https://api.minecraftservices.com, name=PROD]
[20:02:06] [Render thread/INFO]: Setting user: clamlum
[20:02:07] [Render thread/INFO]: [Indigo] Different rendering plugin detected; not applying Indigo.
[20:02:07] [Render thread/INFO]: Checking mod updates...
[20:02:08] [Render thread/INFO]: [STDOUT]: [LibGui] Initializing Client...
[20:02:08] [Render thread/INFO]: Backend library: LWJGL version 3.3.3-snapshot
[20:02:10] [Render thread/INFO]: OpenGL Vendor: Intel
[20:02:10] [Render thread/INFO]: OpenGL Renderer: Mesa Intel(R) HD Graphics 4400 (HSW GT2)
[20:02:10] [Render thread/INFO]: OpenGL Version: 4.6 (Core Profile) Mesa 25.0.7
[20:02:10] [Render thread/INFO]: Using optional rendering extensions: GL_KHR_debug, GL_ARB_vertex_attrib_binding, GL_ARB_direct_state_access
[20:02:11] [Render thread/INFO]: Reloading ResourceManager: vanilla, fabric, cloth-config, entityculling, fabric-api, fabric-api-base, fabric-api-lookup-api-v1, fabric-biome-api-v1, fabric-block-api-v1, fabric-block-view-api-v2, fabric-blockrenderlayer-v1, fabric-client-tags-api-v1, fabric-command-api-v1, fabric-command-api-v2, fabric-commands-v0, fabric-content-registries-v0, fabric-convention-tags-v1, fabric-convention-tags-v2, fabric-crash-report-info-v1, fabric-data-attachment-api-v1, fabric-data-generation-api-v1, fabric-dimensions-v1, fabric-entity-events-v1, fabric-events-interaction-v0, fabric-game-rule-api-v1, fabric-item-api-v1, fabric-item-group-api-v1, fabric-key-binding-api-v1, fabric-keybindings-v0, fabric-lifecycle-events-v1, fabric-loot-api-v2, fabric-loot-api-v3, fabric-message-api-v1, fabric-model-loading-api-v1, fabric-networking-api-v1, fabric-object-builder-api-v1, fabric-particles-v1, fabric-recipe-api-v1, fabric-registry-sync-v0, fabric-renderer-api-v1, fabric-renderer-indigo, fabric-rendering-data-attachment-v1, fabric-rendering-fluids-v1, fabric-rendering-v1, fabric-resource-conditions-api-v1, fabric-resource-loader-v0, fabric-screen-api-v1, fabric-screen-handler-api-v1, fabric-sound-api-v1, fabric-tag-api-v1, fabric-transfer-api-v1, fabric-transitive-access-wideners-v1, fabricloader, lithium, modmenu, placeholder-api, reeses-sodium-options, sodium, trender
[20:02:12] [Worker-Main-1/INFO]: Found unifont_all_no_pua-16.0.01.hex, loading
[20:02:13] [Worker-Main-1/INFO]: Found unifont_jp_patch-16.0.01.hex, loading
[20:02:18] [Render thread/WARN]: minecraft:pipeline/entity_translucent_emissive shader program does not use sampler Sampler2 defined in the pipeline. This might be a bug.
[20:02:18] [Render thread/INFO]: OpenAL initialized on device Built-in Audio Analog Stereo
[20:02:18] [Render thread/INFO]: Sound engine started
[20:02:18] [Render thread/INFO]: Created: 1024x512x4 minecraft:textures/atlas/blocks.png-atlas
[20:02:18] [Render thread/INFO]: Created: 256x256x4 minecraft:textures/atlas/signs.png-atlas
[20:02:18] [Render thread/INFO]: Created: 512x512x4 minecraft:textures/atlas/banner_patterns.png-atlas
[20:02:18] [Render thread/INFO]: Created: 512x512x4 minecraft:textures/atlas/shield_patterns.png-atlas
[20:02:18] [Render thread/INFO]: Created: 2048x1024x4 minecraft:textures/atlas/armor_trims.png-atlas
[20:02:18] [Render thread/INFO]: Created: 256x256x4 minecraft:textures/atlas/chest.png-atlas
[20:02:18] [Render thread/INFO]: Created: 128x64x4 minecraft:textures/atlas/decorated_pot.png-atlas
[20:02:18] [Render thread/INFO]: Created: 512x256x4 minecraft:textures/atlas/beds.png-atlas
[20:02:18] [Render thread/INFO]: Created: 512x256x4 minecraft:textures/atlas/shulker_boxes.png-atlas
[20:02:18] [Render thread/INFO]: Created: 64x64x0 minecraft:textures/atlas/map_decorations.png-atlas
[20:02:18] [Render thread/INFO]: Created: 512x256x0 minecraft:textures/atlas/particles.png-atlas
[20:02:18] [Render thread/INFO]: Created: 512x256x0 minecraft:textures/atlas/paintings.png-atlas
[20:02:18] [Render thread/INFO]: Created: 256x128x0 minecraft:textures/atlas/mob_effects.png-atlas
[20:02:18] [Render thread/INFO]: Created: 1024x512x0 minecraft:textures/atlas/gui.png-atlas
[20:03:27] [Render thread/INFO]: Flushed changes to Minecraft configuration
[20:03:32] [Render thread/INFO]: Flushed changes to Minecraft configuration
[20:03:53] [Render thread/INFO]: Flushed changes to Minecraft configuration
[20:03:53] [Render thread/INFO]: Flushed changes to Sodium configuration
[20:04:32] [Render thread/ERROR]: Can't ping SurvivalLAB.exaroton.me: Internal Exception: java.net.SocketException: Connection reset
[20:04:41] [Render thread/INFO]: Connecting to SurvivalLAB.exaroton.me, 25565
[20:04:45] [Render thread/INFO]: Started 1 worker threads
[20:04:46] [Render thread/WARN]: Ignoring player info update for unknown player 55ce58d8-a27f-339b-bc19-5da8024ee6e7 ([UPDATE_GAME_MODE])
[20:04:46] [Render thread/INFO]: Loaded 2 advancements
[20:04:46] [Render thread/INFO]: Stopping worker threads
[20:04:46] [Render thread/INFO]: Started 1 worker threads
[20:04:56] [Render thread/WARN]: Ignoring player info update for unknown player 89047618-a717-3536-92e7-4ee9340900be ([UPDATE_GAME_MODE])
[20:04:58] [Render thread/WARN]: Ignoring player info update for unknown player 00000000-0000-0000-0009-01f1eda80aa4 ([UPDATE_GAME_MODE])
[20:05:02] [Render thread/WARN]: Ignoring player info update for unknown player 60f6a6d3-0de3-3853-91db-94569f6652b0 ([UPDATE_GAME_MODE])
[20:05:10] [Render thread/INFO]: Stopping worker threads
[20:05:11] [Render thread/ERROR]: Can't ping SurvivalLAB.exaroton.me: Internal Exception: java.net.SocketException: Connection reset
[20:05:18] [Render thread/INFO]: Stopping!
[20:05:18] [CullThread/INFO]: [STDOUT]: Shutting down culling task!
